\BOOKMARK [1][-]{song1-1.1}{1. Panie chwale imie Twe}{}% 1
\BOOKMARK [1][-]{song1-2.1}{2. Nie b\363j sie}{}% 2
\BOOKMARK [1][-]{song1-3.1}{3. Jestes kr\363lem}{}% 3
\BOOKMARK [1][-]{song1-4.1}{4. Prawda jedyna}{}% 4
\BOOKMARK [1][-]{song1-5.1}{5. Pan wywyzszony}{}% 5
\BOOKMARK [1][-]{song1-6.1}{6. Pamietaj, ze to ze zyjesz}{}% 6
\BOOKMARK [1][-]{song1-7.1}{7. Amazing Grace}{}% 7
\BOOKMARK [1][-]{song1-8.1}{8. It Is Well With My Soul}{}% 8
\BOOKMARK [1][-]{song1-9.1}{9. What A Friend We Have In Jesus}{}% 9
\BOOKMARK [1][-]{song1-10.1}{10. O Love That Will Not Let Me Go}{}% 10
\BOOKMARK [1][-]{song1-11.1}{11. Come Thou Fount}{}% 11
\BOOKMARK [1][-]{song1-12.1}{12. Holy Holy Holy}{}% 12
\BOOKMARK [1][-]{song1-13.1}{13. How Great Thou Art}{}% 13
\BOOKMARK [1][-]{song1-14.1}{14. Be Thou My Vision}{}% 14
\BOOKMARK [1][-]{song1-15.1}{15. In The Garden}{}% 15
\BOOKMARK [1][-]{song1-16.1}{16. Great Is Thy Faithfulness}{}% 16
\BOOKMARK [1][-]{song1-17.1}{17. O The Deep Deep Love of Jesus}{}% 17
\BOOKMARK [1][-]{song1-18.1}{18. Jesus Lover Of My Soul}{}% 18
\BOOKMARK [1][-]{song1-19.1}{19. When I Survey The Wondrous Cross}{}% 19
\BOOKMARK [1][-]{song1-20.1}{20. Crown Him With Many Crowns}{}% 20
\BOOKMARK [1][-]{song1-21.1}{21. Fairest Lord Jesus}{}% 21
\BOOKMARK [1][-]{song1-22.1}{22. Turn Your Eyes Upon Jesus}{}% 22
\BOOKMARK [1][-]{song1-23.1}{23. Joyful Joyful We Adore Thee}{}% 23
\BOOKMARK [1][-]{song1-24.1}{24. O For A Thousand Tongues To Sing}{}% 24
\BOOKMARK [1][-]{song1-25.1}{25. All Glory, Laud, And Honor}{}% 25
\BOOKMARK [1][-]{song1-26.1}{26. All Hail The Power Of Jesus Name}{}% 26
\BOOKMARK [1][-]{song1-27.1}{27. Immortal Invisible}{}% 27
\BOOKMARK [1][-]{song1-28.1}{28. Take My Life And Let It Be}{}% 28
\BOOKMARK [1][-]{song1-29.1}{29. Christ The Lord Is Risen Today}{}% 29
\BOOKMARK [1][-]{song1-30.1}{30. I Sing The Mighty Power Of God}{}% 30
\BOOKMARK [1][-]{song1-31.1}{31. All Creatures Of Our God And King}{}% 31
\BOOKMARK [1][-]{song1-32.1}{32. A Mighty Fortress Is Our God}{}% 32
