\BOOKMARK [1][-]{section.1}{Spis tresci}{}% 1
\BOOKMARK [2][-]{song1-1.2}{1. Panie chwale imie Twe}{section.1}% 2
\BOOKMARK [2][-]{song1-2.2}{2. Nie b\363j sie}{section.1}% 3
\BOOKMARK [2][-]{song1-3.2}{3. Jestes kr\363lem}{section.1}% 4
\BOOKMARK [2][-]{song1-4.2}{4. Prawda jedyna}{section.1}% 5
\BOOKMARK [2][-]{song1-5.2}{5. Pan wywyzszony}{section.1}% 6
\BOOKMARK [2][-]{song1-6.2}{6. W kazdym dniu}{section.1}% 7
\BOOKMARK [2][-]{song1-7.2}{7. Chwale Ciebie Panie}{section.1}% 8
\BOOKMARK [2][-]{song1-8.2}{8. On jest moim zyciem}{section.1}% 9
\BOOKMARK [2][-]{song1-9.2}{9. Dziekowac Ci Panie chce}{section.1}% 10
\BOOKMARK [2][-]{song1-10.2}{10. Wszystko Panie Ciebie chwali}{section.1}% 11
\BOOKMARK [2][-]{song1-11.2}{11. M\363j Jezu, m\363j Zbawco}{section.1}% 12
\BOOKMARK [2][-]{song1-12.2}{12. Jezus zmartwychwsta\233}{section.1}% 13
\BOOKMARK [2][-]{song1-13.2}{13. Twe drogi sa najlepsze}{section.1}% 14
\BOOKMARK [2][-]{song1-14.2}{14. Ty jestes ska\233a zbawienia mego}{section.1}% 15
\BOOKMARK [2][-]{song1-15.2}{15. Oczysc serce me}{section.1}% 16
\BOOKMARK [2][-]{song1-16.2}{16. Otw\363rz oczy duszy mej Panie}{section.1}% 17
\BOOKMARK [2][-]{song1-17.2}{17. Chrystus jest zyciem mym}{section.1}% 18
\BOOKMARK [2][-]{song1-18.2}{18. W Chrystusie mym}{section.1}% 19
\BOOKMARK [2][-]{song1-19.2}{19. Tobie ch\363r anio\233\363w}{section.1}% 20
\BOOKMARK [2][-]{song1-20.2}{20. Jezu, Tys wszystkim dla mnie jest}{section.1}% 21
\BOOKMARK [2][-]{song1-21.2}{21. Jestesmy Panie kap\233anstwem Twym}{section.1}% 22
\BOOKMARK [2][-]{song1-22.2}{22. Nie szczyce sie}{section.1}% 23
\BOOKMARK [2][-]{song1-23.2}{23. Ty jestes Bogiem mym}{section.1}% 24
\BOOKMARK [2][-]{song1-24.2}{24. By\233em kiedys sam}{section.1}% 25
\BOOKMARK [2][-]{song1-25.2}{25. Chodz, to czas by wielbic Pana}{section.1}% 26
\BOOKMARK [2][-]{song1-26.2}{26. Jezus najwyzszej godzien chwa\233y}{section.1}% 27
\BOOKMARK [2][-]{song1-27.2}{27. B\363g da\233 mi zycie nowe}{section.1}% 28
\BOOKMARK [2][-]{song1-28.2}{28. Chce mocy}{section.1}% 29
\BOOKMARK [2][-]{song1-29.2}{29. W cieniu Twoich rak}{section.1}% 30
\BOOKMARK [2][-]{song1-30.2}{30. Chcemy Ciebie wielbic}{section.1}% 31
\BOOKMARK [2][-]{song1-31.2}{31. Panie nasz i Stw\363rco}{section.1}% 32
\BOOKMARK [2][-]{song1-32.2}{32. Boze Ojcze nie wiem}{section.1}% 33
\BOOKMARK [2][-]{song1-33.2}{33. Hosanna, Hosanna}{section.1}% 34
\BOOKMARK [2][-]{song1-34.2}{34. Zaspiewac chce mi\233osci piesn}{section.1}% 35
\BOOKMARK [2][-]{song1-35.2}{35. Przyjaciela mam}{section.1}% 36
\BOOKMARK [2][-]{song1-36.2}{36. G\233osno do Pana wo\233am}{section.1}% 37
\BOOKMARK [2][-]{song1-37.2}{37. Ziemia, kt\363ra nam dajesz}{section.1}% 38
\BOOKMARK [2][-]{song1-38.2}{38. Pan mnie strzeze}{section.1}% 39
\BOOKMARK [2][-]{song1-39.2}{39. My, ktorzy wszystko liczymy}{section.1}% 40
\BOOKMARK [2][-]{song1-40.2}{40. Tak, tak, tak o Panie m\363j}{section.1}% 41
\BOOKMARK [2][-]{song1-41.2}{41. Tys jak ska\233a, Tys jak wzg\363rze}{section.1}% 42
\BOOKMARK [2][-]{song1-42.2}{42. M\363w do mnie Panie}{section.1}% 43
\BOOKMARK [2][-]{song1-43.2}{43. Niechaj zstapi Duch Tw\363j}{section.1}% 44
\BOOKMARK [2][-]{song1-44.2}{44. Tys jak powietrza wiew}{section.1}% 45
\BOOKMARK [2][-]{song1-45.2}{45. Tam na krzyzu}{section.1}% 46
\BOOKMARK [2][-]{song1-46.2}{46. Pamietamy, jak m\363wi\233es nam}{section.1}% 47
\BOOKMARK [2][-]{song1-47.2}{47. Przed Tronem \225aski staje}{section.1}% 48
\BOOKMARK [2][-]{song1-48.2}{48. Zabierz Panie mnie do miejsca}{section.1}% 49
\BOOKMARK [2][-]{song1-49.2}{49. Godzien, o godzien jest B\363g}{section.1}% 50
\BOOKMARK [2][-]{song1-50.2}{50. Uwielbiam Imie Twoje Panie}{section.1}% 51
\BOOKMARK [2][-]{song1-51.2}{51. Swiat\233o niesc tam gdzie ciemnosc trwa}{section.1}% 52
\BOOKMARK [2][-]{song1-52.2}{52. Pan jest pasterzem moim}{section.1}% 53
\BOOKMARK [2][-]{song1-53.2}{53. Jesli na piasku}{section.1}% 54
\BOOKMARK [2][-]{song1-54.2}{54. Bo nikt nie ma z nas}{section.1}% 55
\BOOKMARK [2][-]{song1-55.2}{55. Ojcze swiat\233a}{section.1}% 56
\BOOKMARK [2][-]{song1-56.2}{56. Mi\233osc da}{section.1}% 57
\BOOKMARK [2][-]{song1-57.2}{57. Smia\233ym badz, meznym badz}{section.1}% 58
\BOOKMARK [2][-]{song1-58.2}{58. Chwalmy go, Pan w majestacie Swym}{section.1}% 59
\BOOKMARK [2][-]{song1-59.2}{59. Pan dla nas ma plan}{section.1}% 60
\BOOKMARK [2][-]{song1-60.2}{60. Przyszed\233 bezbronny na swiat}{section.1}% 61
\BOOKMARK [2][-]{song1-61.2}{61. Nie mam nic, co by mozna}{section.1}% 62
\BOOKMARK [2][-]{song1-62.2}{62. Panie pragne kochac Cie}{section.1}% 63
\BOOKMARK [2][-]{song1-63.2}{63. Nie ma problemu, by On}{section.1}% 64
\BOOKMARK [2][-]{song1-64.2}{64. Gdy woko\233o straszna burza}{section.1}% 65
\BOOKMARK [2][-]{song1-65.2}{65. Zastan\363wmy sie, co Wielki B\363g nam da\233}{section.1}% 66
\BOOKMARK [2][-]{song1-66.2}{66. Jest jedno cia\233o, jest jeden Pan}{section.1}% 67
\BOOKMARK [2][-]{song1-67.2}{67. Bogiem moim jest}{section.1}% 68
\BOOKMARK [2][-]{song1-68.2}{68. Tak jak jelen}{section.1}% 69
\BOOKMARK [2][-]{song1-69.2}{69. G\233owa, ramiona, nogi, stopy}{section.1}% 70
\BOOKMARK [2][-]{song1-70.2}{70. Mi\233osc Jezusa jest ponad wszystko}{section.1}% 71
\BOOKMARK [2][-]{song1-71.2}{71. Albowiem tak B\363g swiat umi\233owa\233}{section.1}% 72
\BOOKMARK [2][-]{song1-72.2}{72. \225aska jestesmy zbawieni}{section.1}% 73
\BOOKMARK [2][-]{song1-73.2}{73. Nie ma innego jak Jezus}{section.1}% 74
\BOOKMARK [2][-]{song1-74.2}{74. Przed tronem Twym stoimy}{section.1}% 75
\BOOKMARK [2][-]{song1-75.2}{75. Twe swiat\233o jest na drodze mej}{section.1}% 76
\BOOKMARK [2][-]{song1-76.2}{76. Panie m\363j przychodze dzis}{section.1}% 77
\BOOKMARK [2][-]{song1-77.2}{77. Z g\233ebokosci m\363rz}{section.1}% 78
\BOOKMARK [2][-]{song1-78.2}{78. Do Ciebie Panie wo\233a dusza moja}{section.1}% 79
\BOOKMARK [2][-]{song1-79.2}{79. G\233odny ide zn\363w do Ciebie}{section.1}% 80
\BOOKMARK [2][-]{song1-80.2}{80. Pan \233aske s\233abym da\233}{section.1}% 81
\BOOKMARK [2][-]{song1-81.2}{81. Tredowaty g\233osno wo\233a\233}{section.1}% 82
\BOOKMARK [2][-]{song1-82.2}{82. Wszystkie narody klaskajcie}{section.1}% 83
\BOOKMARK [2][-]{song1-83.2}{83. Tylko Tys jest godzien chwa\233y}{section.1}% 84
\BOOKMARK [2][-]{song1-84.2}{84. Jezus, Bogiem naszym jest}{section.1}% 85
\BOOKMARK [2][-]{song1-85.2}{85. Panie, my Twoje dzieci}{section.1}% 86
\BOOKMARK [2][-]{song1-86.2}{86. Pan B\363g jest moim Pasterzem}{section.1}% 87
\BOOKMARK [2][-]{song1-87.2}{87. Dziekuj mu}{section.1}% 88
\BOOKMARK [2][-]{song1-88.2}{88. Nie ma za trudnych spraw}{section.1}% 89
\BOOKMARK [2][-]{song1-89.2}{89. Kiedy milknie juz muzyki dzwiek}{section.1}% 90
\BOOKMARK [2][-]{song1-90.2}{90. Duszo ma Pana chwal}{section.1}% 91
\BOOKMARK [2][-]{song1-91.2}{91. Pamietaj, ze to ze zyjesz}{section.1}% 92
\BOOKMARK [2][-]{song1-92.2}{92. Wode zamieni\233es w wino}{section.1}% 93
\BOOKMARK [2][-]{song1-93.2}{93. Bogobojny kr\363l}{section.1}% 94
\BOOKMARK [2][-]{song1-94.2}{94. Jakze cenna jest \233aska Twoja}{section.1}% 95
\BOOKMARK [2][-]{song1-95.2}{95. Wsr\363d tylu trosk miec marzen czas}{section.1}% 96
\BOOKMARK [2][-]{song1-96.2}{96. Swiete imie Jezus}{section.1}% 97
\BOOKMARK [2][-]{song1-97.2}{97. Czcijmy Jezusa}{section.1}% 98
\BOOKMARK [2][-]{song1-98.2}{98. Jezus daje nam zbawienie}{section.1}% 99
\BOOKMARK [2][-]{song1-99.2}{99. Da\233es mi zycie, da\233es radosc mi}{section.1}% 100
\BOOKMARK [2][-]{song1-100.2}{100. Kazdy dzien upewnia mnie}{section.1}% 101
\BOOKMARK [2][-]{song1-101.2}{101. Jestem tego pewien}{section.1}% 102
\BOOKMARK [2][-]{song1-102.2}{102. Niepojeta \233aska}{section.1}% 103
\BOOKMARK [2][-]{song1-103.2}{103. B\233ogos\233aw duszo moja Pana}{section.1}% 104
\BOOKMARK [2][-]{song1-104.2}{104. By zbawic tych, co w grzechu}{section.1}% 105
\BOOKMARK [2][-]{song1-105.2}{105. Jak co dzien rano}{section.1}% 106
\BOOKMARK [2][-]{song1-106.2}{106. Po wielkim po\233owie}{section.1}% 107
\BOOKMARK [2][-]{song1-107.2}{107. Twa obecnosc jest szczesciem mym}{section.1}% 108
\BOOKMARK [2][-]{song1-108.2}{108. Wspania\233ym Panem Tys}{section.1}% 109
\BOOKMARK [2][-]{song1-109.2}{109. Radosc wype\233nia dusze ma}{section.1}% 110
\BOOKMARK [2][-]{song1-110.2}{110. Abba, Ojcze naleze do Ciebie}{section.1}% 111
\BOOKMARK [2][-]{song1-111.2}{111. Albowiem nie wstydze sie}{section.1}% 112
\BOOKMARK [2][-]{song1-112.2}{112. Chrystus Pan, Bozy Syn}{section.1}% 113
\BOOKMARK [2][-]{song1-113.2}{113. B\233ogos\233awie Cie}{section.1}% 114
\BOOKMARK [2][-]{song1-114.2}{114. Obrazem jest Boga niewidzialnego}{section.1}% 115
\BOOKMARK [2][-]{song1-115.2}{115. El Szaddaj}{section.1}% 116
\BOOKMARK [2][-]{song1-116.2}{116. Badz wywyzszony}{section.1}% 117
\BOOKMARK [2][-]{song1-117.2}{117. Mi\233osc cierpliwa jest}{section.1}% 118
\BOOKMARK [2][-]{song1-118.2}{118. Najwiekszym skarbem jaki w zyciu mam}{section.1}% 119
\BOOKMARK [2][-]{song1-119.2}{119. Idzie Jezus}{section.1}% 120
\BOOKMARK [2][-]{song1-120.2}{120. To on, nasz Pan i Kr\363l}{section.1}% 121
\BOOKMARK [2][-]{song1-121.2}{121. Chodzcie jesc}{section.1}% 122
\BOOKMARK [2][-]{song1-122.2}{122. Nasz Pan to wspania\233y, wielki B\363g}{section.1}% 123
\BOOKMARK [2][-]{song1-123.2}{123. Stw\363rz serce czyste we mnie}{section.1}% 124
\BOOKMARK [2][-]{song1-124.2}{124. Baranka chwalmy on nasz B\363g}{section.1}% 125
\BOOKMARK [2][-]{song1-125.2}{125. Hosanna na niebiosach}{section.1}% 126
