\BOOKMARK [1][-]{song1-1.1}{1. Panie chwale imie Twe}{}% 1
\BOOKMARK [1][-]{song1-2.1}{2. Nie b\363j sie}{}% 2
\BOOKMARK [1][-]{song1-3.1}{3. Jestes kr\363lem}{}% 3
\BOOKMARK [1][-]{song1-4.1}{4. Prawda jedyna}{}% 4
\BOOKMARK [1][-]{song1-5.1}{5. Pan wywyzszony}{}% 5
\BOOKMARK [1][-]{song1-6.1}{6. W kazdym dniu}{}% 6
\BOOKMARK [1][-]{song1-7.1}{7. Chwale Ciebie Panie}{}% 7
\BOOKMARK [1][-]{song1-8.1}{8. On jest moim zyciem}{}% 8
\BOOKMARK [1][-]{song1-9.1}{9. Dziekowac Ci Panie chce}{}% 9
\BOOKMARK [1][-]{song1-10.1}{10. Wszystko Panie Ciebie chwali}{}% 10
\BOOKMARK [1][-]{song1-11.1}{11. M\363j Jezu, m\363j Zbawco}{}% 11
\BOOKMARK [1][-]{song1-12.1}{12. Jezus zmartwychwsta\233}{}% 12
\BOOKMARK [1][-]{song1-13.1}{13. Twe drogi sa najlepsze}{}% 13
\BOOKMARK [1][-]{song1-14.1}{14. Ty jestes ska\233a zbawienia mego}{}% 14
\BOOKMARK [1][-]{song1-15.1}{15. Oczysc serce me}{}% 15
\BOOKMARK [1][-]{song1-16.1}{16. Otw\363rz oczy duszy mej Panie}{}% 16
\BOOKMARK [1][-]{song1-17.1}{17. Chrystus jest zyciem mym}{}% 17
\BOOKMARK [1][-]{song1-18.1}{18. W Chrystusie mym}{}% 18
\BOOKMARK [1][-]{song1-19.1}{19. Tobie ch\363r anio\233\363w}{}% 19
\BOOKMARK [1][-]{song1-20.1}{20. Jezu, Tys wszystkim dla mnie jest}{}% 20
\BOOKMARK [1][-]{song1-21.1}{21. Jestesmy Panie kap\233anstwem Twym}{}% 21
\BOOKMARK [1][-]{song1-22.1}{22. Nie szczyce sie}{}% 22
\BOOKMARK [1][-]{song1-23.1}{23. Ty jestes Bogiem mym}{}% 23
\BOOKMARK [1][-]{song1-24.1}{24. By\233em kiedys sam}{}% 24
\BOOKMARK [1][-]{song1-25.1}{25. Chodz, to czas by wielbic Pana}{}% 25
\BOOKMARK [1][-]{song1-26.1}{26. Jezus najwyzszej godzien chwa\233y}{}% 26
\BOOKMARK [1][-]{song1-27.1}{27. B\363g da\233 mi zycie nowe}{}% 27
\BOOKMARK [1][-]{song1-28.1}{28. Chce mocy}{}% 28
\BOOKMARK [1][-]{song1-29.1}{29. W cieniu Twoich rak}{}% 29
\BOOKMARK [1][-]{song1-30.1}{30. Chcemy Ciebie wielbic}{}% 30
\BOOKMARK [1][-]{song1-31.1}{31. Panie nasz i Stw\363rco}{}% 31
\BOOKMARK [1][-]{song1-32.1}{32. Boze Ojcze nie wiem}{}% 32
\BOOKMARK [1][-]{song1-33.1}{33. Hosanna, Hosanna}{}% 33
\BOOKMARK [1][-]{song1-34.1}{34. Zaspiewac chce mi\233osci piesn}{}% 34
\BOOKMARK [1][-]{song1-35.1}{35. Przyjaciela mam}{}% 35
\BOOKMARK [1][-]{song1-36.1}{36. G\233osno do Pana wo\233am}{}% 36
\BOOKMARK [1][-]{song1-37.1}{37. Ziemia, kt\363ra nam dajesz}{}% 37
\BOOKMARK [1][-]{song1-38.1}{38. Pan mnie strzeze}{}% 38
\BOOKMARK [1][-]{song1-39.1}{39. My, ktorzy wszystko liczymy}{}% 39
\BOOKMARK [1][-]{song1-40.1}{40. Tak, tak, tak o Panie m\363j}{}% 40
\BOOKMARK [1][-]{song1-41.1}{41. Tys jak ska\233a, Tys jak wzg\363rze}{}% 41
\BOOKMARK [1][-]{song1-42.1}{42. M\363w do mnie Panie}{}% 42
\BOOKMARK [1][-]{song1-43.1}{43. Niechaj zstapi Duch Tw\363j}{}% 43
\BOOKMARK [1][-]{song1-44.1}{44. Tys jak powietrza wiew}{}% 44
\BOOKMARK [1][-]{song1-45.1}{45. Tam na krzyzu}{}% 45
\BOOKMARK [1][-]{song1-46.1}{46. Pamietamy, jak m\363wi\233es nam}{}% 46
\BOOKMARK [1][-]{song1-47.1}{47. Przed Tronem \225aski staje}{}% 47
\BOOKMARK [1][-]{song1-48.1}{48. Zabierz Panie mnie do miejsca}{}% 48
\BOOKMARK [1][-]{song1-49.1}{49. Godzien, o godzien jest B\363g}{}% 49
\BOOKMARK [1][-]{song1-50.1}{50. Uwielbiam Imie Twoje Panie}{}% 50
\BOOKMARK [1][-]{song1-51.1}{51. Swiat\233o niesc tam gdzie ciemnosc trwa}{}% 51
\BOOKMARK [1][-]{song1-52.1}{52. Pan jest pasterzem moim}{}% 52
\BOOKMARK [1][-]{song1-53.1}{53. Jesli na piasku}{}% 53
\BOOKMARK [1][-]{song1-54.1}{54. Bo nikt nie ma z nas}{}% 54
\BOOKMARK [1][-]{song1-55.1}{55. Ojcze swiat\233a}{}% 55
\BOOKMARK [1][-]{song1-56.1}{56. Mi\233osc da}{}% 56
\BOOKMARK [1][-]{song1-57.1}{57. Smia\233ym badz, meznym badz}{}% 57
\BOOKMARK [1][-]{song1-58.1}{58. Chwalmy go, Pan w majestacie Swym}{}% 58
\BOOKMARK [1][-]{song1-59.1}{59. Pan dla nas ma plan}{}% 59
\BOOKMARK [1][-]{song1-60.1}{60. Przyszed\233 bezbronny na swiat}{}% 60
\BOOKMARK [1][-]{song1-61.1}{61. Nie mam nic, co by mozna}{}% 61
\BOOKMARK [1][-]{song1-62.1}{62. Panie pragne kochac Cie}{}% 62
\BOOKMARK [1][-]{song1-63.1}{63. Nie ma problemu, by On}{}% 63
\BOOKMARK [1][-]{song1-64.1}{64. Gdy woko\233o straszna burza}{}% 64
\BOOKMARK [1][-]{song1-65.1}{65. Zastan\363wmy sie, co Wielki B\363g nam da\233}{}% 65
\BOOKMARK [1][-]{song1-66.1}{66. Jest jedno cia\233o, jest jeden Pan}{}% 66
\BOOKMARK [1][-]{song1-67.1}{67. Bogiem moim jest}{}% 67
\BOOKMARK [1][-]{song1-68.1}{68. Tak jak jelen}{}% 68
\BOOKMARK [1][-]{song1-69.1}{69. G\233owa, ramiona, nogi, stopy}{}% 69
\BOOKMARK [1][-]{song1-70.1}{70. Mi\233osc Jezusa jest ponad wszystko}{}% 70
\BOOKMARK [1][-]{song1-71.1}{71. Albowiem tak B\363g swiat umi\233owa\233}{}% 71
\BOOKMARK [1][-]{song1-72.1}{72. \225aska jestesmy zbawieni}{}% 72
\BOOKMARK [1][-]{song1-73.1}{73. Nie ma innego jak Jezus}{}% 73
\BOOKMARK [1][-]{song1-74.1}{74. Przed tronem Twym stoimy}{}% 74
\BOOKMARK [1][-]{song1-75.1}{75. Twe swiat\233o jest na drodze mej}{}% 75
\BOOKMARK [1][-]{song1-76.1}{76. Panie m\363j przychodze dzis}{}% 76
\BOOKMARK [1][-]{song1-77.1}{77. Z g\233ebokosci m\363rz}{}% 77
\BOOKMARK [1][-]{song1-78.1}{78. Do Ciebie Panie wo\233a dusza moja}{}% 78
\BOOKMARK [1][-]{song1-79.1}{79. G\233odny ide zn\363w do Ciebie}{}% 79
\BOOKMARK [1][-]{song1-80.1}{80. Pan \233aske s\233abym da\233}{}% 80
\BOOKMARK [1][-]{song1-81.1}{81. Tredowaty g\233osno wo\233a\233}{}% 81
\BOOKMARK [1][-]{song1-82.1}{82. Wszystkie narody klaskajcie}{}% 82
\BOOKMARK [1][-]{song1-83.1}{83. Tylko Tys jest godzien chwa\233y}{}% 83
\BOOKMARK [1][-]{song1-84.1}{84. Jezus, Bogiem naszym jest}{}% 84
\BOOKMARK [1][-]{song1-85.1}{85. Panie, my Twoje dzieci}{}% 85
\BOOKMARK [1][-]{song1-86.1}{86. Pan B\363g jest moim Pasterzem}{}% 86
\BOOKMARK [1][-]{song1-87.1}{87. Dziekuj mu}{}% 87
\BOOKMARK [1][-]{song1-88.1}{88. Nie ma za trudnych spraw}{}% 88
\BOOKMARK [1][-]{song1-89.1}{89. Kiedy milknie juz muzyki dzwiek}{}% 89
\BOOKMARK [1][-]{song1-90.1}{90. Duszo ma Pana chwal}{}% 90
\BOOKMARK [1][-]{song1-91.1}{91. Pamietaj, ze to ze zyjesz}{}% 91
\BOOKMARK [1][-]{song1-92.1}{92. Wode zamieni\233es w wino}{}% 92
\BOOKMARK [1][-]{song1-93.1}{93. Bogobojny kr\363l}{}% 93
\BOOKMARK [1][-]{song1-94.1}{94. Jakze cenna jest \233aska Twoja}{}% 94
\BOOKMARK [1][-]{song1-95.1}{95. Wsr\363d tylu trosk miec marzen czas}{}% 95
\BOOKMARK [1][-]{song1-96.1}{96. Swiete imie Jezus}{}% 96
\BOOKMARK [1][-]{song1-97.1}{97. Czcijmy Jezusa}{}% 97
\BOOKMARK [1][-]{song1-98.1}{98. Jezus daje nam zbawienie}{}% 98
\BOOKMARK [1][-]{song1-99.1}{99. Da\233es mi zycie, da\233es radosc mi}{}% 99
\BOOKMARK [1][-]{song1-100.1}{100. Kazdy dzien upewnia mnie}{}% 100
\BOOKMARK [1][-]{song1-101.1}{101. Jestem tego pewien}{}% 101
\BOOKMARK [1][-]{song1-102.1}{102. Niepojeta \233aska}{}% 102
\BOOKMARK [1][-]{song1-103.1}{103. B\233ogos\233aw duszo moja Pana}{}% 103
\BOOKMARK [1][-]{song1-104.1}{104. By zbawic tych, co w grzechu}{}% 104
\BOOKMARK [1][-]{song1-105.1}{105. Jak co dzien rano}{}% 105
\BOOKMARK [1][-]{song1-106.1}{106. Po wielkim po\233owie}{}% 106
\BOOKMARK [1][-]{song1-107.1}{107. Twa obecnosc jest szczesciem mym}{}% 107
\BOOKMARK [1][-]{song1-108.1}{108. Wspania\233ym Panem Tys}{}% 108
\BOOKMARK [1][-]{song1-109.1}{109. Radosc wype\233nia dusze ma}{}% 109
\BOOKMARK [1][-]{song1-110.1}{110. Abba, Ojcze naleze do Ciebie}{}% 110
\BOOKMARK [1][-]{song1-111.1}{111. Albowiem nie wstydze sie}{}% 111
\BOOKMARK [1][-]{song1-112.1}{112. Chrystus Pan, Bozy Syn}{}% 112
\BOOKMARK [1][-]{song1-113.1}{113. B\233ogos\233awie Cie}{}% 113
\BOOKMARK [1][-]{song1-114.1}{114. Obrazem jest Boga niewidzialnego}{}% 114
\BOOKMARK [1][-]{song1-115.1}{115. El Szaddaj}{}% 115
\BOOKMARK [1][-]{song1-116.1}{116. Badz wywyzszony}{}% 116
\BOOKMARK [1][-]{song1-117.1}{117. Mi\233osc cierpliwa jest}{}% 117
\BOOKMARK [1][-]{song1-118.1}{118. Najwiekszym skarbem jaki w zyciu mam}{}% 118
\BOOKMARK [1][-]{song1-119.1}{119. Idzie Jezus}{}% 119
\BOOKMARK [1][-]{song1-120.1}{120. To on, nasz Pan i Kr\363l}{}% 120
\BOOKMARK [1][-]{song1-121.1}{121. Chodzcie jesc}{}% 121
\BOOKMARK [1][-]{song1-122.1}{122. Nasz Pan to wspania\233y, wielki B\363g}{}% 122
\BOOKMARK [1][-]{song1-123.1}{123. Stw\363rz serce czyste we mnie}{}% 123
\BOOKMARK [1][-]{song1-124.1}{124. Baranka chwalmy on nasz B\363g}{}% 124
\BOOKMARK [1][-]{song1-125.1}{125. Hosanna na niebiosach}{}% 125
